{
  "RSpec": {
    "coverage": {
      "/Users/marshallyount/Projects/codeclimate/tmp/dotenv/lib/dotenv.rb": [
        1,
        null,
        1,
        1,
        9,
        13,
        13,
        null,
        null,
        null,
        null,
        1,
        1,
        1,
        1,
        null,
        null,
        null,
        null,
        1,
        null,
        null,
        8,
        8,
        5,
        null,
        null,
        null,
        1,
        1,
        15,
        null,
        null
      ],
      "/Users/marshallyount/Projects/codeclimate/tmp/dotenv/lib/dotenv/environment.rb": [
        1,
        1,
        1,
        1,
        null,
        null,
        1,
        1,
        3,
        null,
        1,
        null,
        null,
        null,
        null,
        null,
        null,
        null,
        null,
        null,
        null,
        null,
        null,
        null,
        null,
        null,
        1,
        46,
        46,
        null,
        null,
        1,
        46,
        82,
        74,
        null,
        74,
        null,
        74,
        null,
        74,
        7,
        null,
        7,
        null,
        null,
        74,
        148,
        null,
        null,
        74,
        null,
        1,
        null,
        null,
        null,
        null,
        1,
        46,
        null,
        null,
        1,
        41,
        null,
        null,
        1,
        9,
        null,
        null,
        null
      ],
      "/Users/marshallyount/Projects/codeclimate/tmp/dotenv/lib/dotenv/format_error.rb": [
        1,
        1,
        null,
        null
      ],
      "/Users/marshallyount/Projects/codeclimate/tmp/dotenv/lib/dotenv/substitutions/variable.rb": [
        1,
        1,
        1,
        1,
        null,
        1,
        null,
        null,
        null,
        null,
        null,
        null,
        null,
        null,
        null,
        1,
        null,
        74,
        8,
        2,
        null,
        8,
        null,
        null,
        8,
        null,
        null,
        74,
        null,
        null,
        null,
        null,
        null,
        null,
        null
      ],
      "/Users/marshallyount/Projects/codeclimate/tmp/dotenv/lib/dotenv/substitutions/command.rb": [
        1,
        1,
        1,
        1,
        null,
        1,
        null,
        null,
        null,
        null,
        null,
        null,
        null,
        null,
        null,
        1,
        null,
        74,
        5,
        null,
        5,
        1,
        null,
        4,
        null,
        null,
        null,
        null,
        null,
        null,
        null,
        null
      ]
    },
    "timestamp": 1417634266
  }
}
